<?xml version="1.0" encoding="UTF-8"?>
<!-- Generated by org.testng.reporters.JUnitXMLReporter -->
<testsuite hostname="ODA-L-054" ignored="2" name="Test" tests="1" failures="1" timestamp="21 Apr 2020 18:46:30 GMT" time="20.218" errors="0">
  <testcase name="TestCase1" time="19.493" classname="com.THobby.Home.Home">
    <failure type="java.lang.AssertionError" message="null">
      <![CDATA[java.lang.AssertionError: null
at com.THobby.Home.Home.TestCase1(Home.java:21)
... Removed 27 stack frames]]>
    </failure>
  </testcase> <!-- TestCase1 -->
  <testcase name="@AfterSuite tearDown" time="0.0" classname="com.THobby.base.THobbyBase">
    <ignored/>
  </testcase> <!-- @AfterSuite tearDown -->
  <testcase name="@BeforeSuite setUp" time="0.0" classname="com.THobby.base.THobbyBase">
    <ignored/>
  </testcase> <!-- @BeforeSuite setUp -->
</testsuite> <!-- Test -->
