<?xml version="1.0" encoding="UTF-8"?>
<testng-results skipped="0" failed="0" ignored="0" total="1" passed="1">
  <reporter-output>
  </reporter-output>
  <suite name="Default suite" duration-ms="40385" started-at="2020-04-22T11:03:59Z" finished-at="2020-04-22T11:04:40Z">
    <groups>
    </groups>
    <test name="Default test" duration-ms="40385" started-at="2020-04-22T11:03:59Z" finished-at="2020-04-22T11:04:40Z">
      <class name="com.THobby.Home.Home">
        <test-method status="PASS" signature="setUp()[pri:0, instance:com.THobby.Home.Home@13b6aecc]" name="setUp" is-config="true" duration-ms="51" started-at="2020-04-22T11:03:59Z" finished-at="2020-04-22T11:03:59Z">
          <reporter-output>
          </reporter-output>
        </test-method> <!-- setUp -->
        <test-method status="PASS" signature="beforeTest()[pri:0, instance:com.THobby.Home.Home@13b6aecc]" name="beforeTest" is-config="true" duration-ms="124" started-at="2020-04-22T11:04:00Z" finished-at="2020-04-22T11:04:00Z">
          <reporter-output>
          </reporter-output>
        </test-method> <!-- beforeTest -->
        <test-method status="PASS" signature="TestCase1(java.util.Hashtable)[pri:0, instance:com.THobby.Home.Home@13b6aecc]" name="TestCase1" duration-ms="39970" started-at="2020-04-22T11:04:00Z" data-provider="dp" finished-at="2020-04-22T11:04:40Z">
          <params>
            <param index="0">
              <value>
                <![CDATA[{alerttext=Customer added successfully, postcode=A234wd, lastname=Arora, runmode=Y, firstname=Raman}]]>
              </value>
            </param>
          </params>
          <reporter-output>
          </reporter-output>
        </test-method> <!-- TestCase1 -->
        <test-method status="PASS" signature="afterTest()[pri:0, instance:com.THobby.Home.Home@13b6aecc]" name="afterTest" is-config="true" duration-ms="241" started-at="2020-04-22T11:04:40Z" finished-at="2020-04-22T11:04:40Z">
          <reporter-output>
          </reporter-output>
        </test-method> <!-- afterTest -->
        <test-method status="PASS" signature="tearDown()[pri:0, instance:com.THobby.Home.Home@13b6aecc]" name="tearDown" is-config="true" duration-ms="883" started-at="2020-04-22T11:04:40Z" finished-at="2020-04-22T11:04:41Z">
          <reporter-output>
          </reporter-output>
        </test-method> <!-- tearDown -->
      </class> <!-- com.THobby.Home.Home -->
    </test> <!-- Default test -->
  </suite> <!-- Default suite -->
</testng-results>
